#! /usr/local/bin/vvp
:ivl_version "12.0 (stable)";
:ivl_delay_selection "TYPICAL";
:vpi_time_precision + 0;
:vpi_module "/usr/local/lib/ivl/system.vpi";
:vpi_module "/usr/local/lib/ivl/vhdl_sys.vpi";
:vpi_module "/usr/local/lib/ivl/vhdl_textio.vpi";
:vpi_module "/usr/local/lib/ivl/v2005_math.vpi";
:vpi_module "/usr/local/lib/ivl/va_math.vpi";
:vpi_module "/usr/local/lib/ivl/v2009.vpi";
S_0x1905110 .scope package, "$unit" "$unit" 2 1;
 .timescale 0 0;
S_0x19052a0 .scope module, "asyncfifo_tb" "asyncfifo_tb" 3 5;
 .timescale 0 0;
v0x19276a0_0 .var "data_in", 7 0;
v0x1927770_0 .net "mem_empty", 0 0, L_0x1938c70;  1 drivers
v0x1927840_0 .net "mem_full", 0 0, L_0x1938b10;  1 drivers
v0x1927940_0 .net "out", 7 0, v0x1926bd0_0;  1 drivers
v0x1927a10_0 .var "read_clk", 0 0;
v0x1927b00_0 .var "read_en", 0 0;
v0x1927ba0_0 .var "reset", 0 0;
v0x1927c70_0 .var "write_clk", 0 0;
v0x1927d40_0 .var "write_en", 0 0;
S_0x18db580 .scope module, "dut" "asyncfifo" 3 12, 4 2 0, S_0x19052a0;
 .timescale 0 0;
    .port_info 0 /INPUT 1 "write_clk";
    .port_info 1 /INPUT 1 "read_clk";
    .port_info 2 /INPUT 1 "reset";
    .port_info 3 /INPUT 1 "write_en";
    .port_info 4 /INPUT 1 "read_en";
    .port_info 5 /INPUT 8 "data_in";
    .port_info 6 /OUTPUT 1 "full";
    .port_info 7 /OUTPUT 1 "empty";
    .port_info 8 /OUTPUT 8 "out";
L_0x1938690 .functor AND 1, L_0x1938100, L_0x19384e0, C4<1>, C4<1>;
L_0x1938b10 .functor AND 1, L_0x1938690, L_0x19389d0, C4<1>, C4<1>;
v0x18db880_0 .net *"_ivl_1", 0 0, L_0x1927ea0;  1 drivers
v0x1925c10_0 .net *"_ivl_11", 0 0, L_0x1938270;  1 drivers
v0x1925cf0_0 .net *"_ivl_12", 31 0, L_0x1938340;  1 drivers
L_0x7f55ad1b00a8 .functor BUFT 1, C4<0000000000000000000000000000000>, C4<0>, C4<0>, C4<0>;
v0x1925de0_0 .net *"_ivl_15", 30 0, L_0x7f55ad1b00a8;  1 drivers
L_0x7f55ad1b00f0 .functor BUFT 1, C4<00000000000000000000000000000000>, C4<0>, C4<0>, C4<0>;
v0x1925ec0_0 .net/2u *"_ivl_16", 31 0, L_0x7f55ad1b00f0;  1 drivers
v0x1925ff0_0 .net *"_ivl_18", 0 0, L_0x19384e0;  1 drivers
v0x19260b0_0 .net *"_ivl_2", 31 0, L_0x1927fa0;  1 drivers
v0x1926190_0 .net *"_ivl_21", 0 0, L_0x1938690;  1 drivers
v0x1926250_0 .net *"_ivl_23", 2 0, L_0x19387a0;  1 drivers
v0x19263c0_0 .net *"_ivl_25", 2 0, L_0x1938890;  1 drivers
v0x19264a0_0 .net *"_ivl_26", 0 0, L_0x19389d0;  1 drivers
L_0x7f55ad1b0018 .functor BUFT 1, C4<0000000000000000000000000000000>, C4<0>, C4<0>, C4<0>;
v0x1926560_0 .net *"_ivl_5", 30 0, L_0x7f55ad1b0018;  1 drivers
L_0x7f55ad1b0060 .functor BUFT 1, C4<00000000000000000000000000000001>, C4<0>, C4<0>, C4<0>;
v0x1926640_0 .net/2u *"_ivl_6", 31 0, L_0x7f55ad1b0060;  1 drivers
v0x1926720_0 .net *"_ivl_8", 0 0, L_0x1938100;  1 drivers
v0x19267e0_0 .net "data_in", 7 0, v0x19276a0_0;  1 drivers
v0x19268c0_0 .net "empty", 0 0, L_0x1938c70;  alias, 1 drivers
v0x1926980_0 .net "full", 0 0, L_0x1938b10;  alias, 1 drivers
v0x1926b30 .array "memory_vec", 7 0, 7 0;
v0x1926bd0_0 .var "out", 7 0;
v0x1926c70_0 .net "read_clk", 0 0, v0x1927a10_0;  1 drivers
v0x1926d30_0 .net "read_en", 0 0, v0x1927b00_0;  1 drivers
v0x1926df0_0 .var "read_pointer", 3 0;
v0x1926ed0_0 .net "reset", 0 0, v0x1927ba0_0;  1 drivers
v0x1926f90_0 .net "write_clk", 0 0, v0x1927c70_0;  1 drivers
v0x1927050_0 .net "write_en", 0 0, v0x1927d40_0;  1 drivers
v0x1927110_0 .var "write_pointer", 3 0;
E_0x1906c40/0 .event negedge, v0x1926ed0_0;
E_0x1906c40/1 .event posedge, v0x1926c70_0;
E_0x1906c40 .event/or E_0x1906c40/0, E_0x1906c40/1;
E_0x18db840/0 .event negedge, v0x1926ed0_0;
E_0x18db840/1 .event posedge, v0x1926f90_0;
E_0x18db840 .event/or E_0x18db840/0, E_0x18db840/1;
L_0x1927ea0 .part v0x1927110_0, 3, 1;
L_0x1927fa0 .concat [ 1 31 0 0], L_0x1927ea0, L_0x7f55ad1b0018;
L_0x1938100 .cmp/eq 32, L_0x1927fa0, L_0x7f55ad1b0060;
L_0x1938270 .part v0x1926df0_0, 3, 1;
L_0x1938340 .concat [ 1 31 0 0], L_0x1938270, L_0x7f55ad1b00a8;
L_0x19384e0 .cmp/eq 32, L_0x1938340, L_0x7f55ad1b00f0;
L_0x19387a0 .part v0x1927110_0, 0, 3;
L_0x1938890 .part v0x1926df0_0, 0, 3;
L_0x19389d0 .cmp/eq 3, L_0x19387a0, L_0x1938890;
L_0x1938c70 .cmp/eq 4, v0x1927110_0, v0x1926df0_0;
S_0x1927310 .scope task, "read_task" "read_task" 3 64, 3 64 0, S_0x19052a0;
 .timescale 0 0;
TD_asyncfifo_tb.read_task ;
    %pushi/vec4 0, 0, 1;
    %store/vec4 v0x1927d40_0, 0, 1;
    %pushi/vec4 1, 0, 1;
    %store/vec4 v0x1927b00_0, 0, 1;
    %delay 20, 0;
    %vpi_call/w 3 68 "$display", "write_en = %b , read_en = %b , data_in = %b , out = %b , mem_full = %b , mem_empty = %b", v0x1927d40_0, v0x1927b00_0, v0x19276a0_0, v0x1927940_0, v0x1927840_0, v0x1927770_0 {0 0 0};
    %end;
S_0x19274c0 .scope task, "write_task" "write_task" 3 55, 3 55 0, S_0x19052a0;
 .timescale 0 0;
TD_asyncfifo_tb.write_task ;
    %pushi/vec4 1, 0, 1;
    %store/vec4 v0x1927d40_0, 0, 1;
    %pushi/vec4 0, 0, 1;
    %store/vec4 v0x1927b00_0, 0, 1;
    %vpi_func 3 59 "$random" 32 {0 0 0};
    %pad/s 8;
    %store/vec4 v0x19276a0_0, 0, 8;
    %delay 20, 0;
    %vpi_call/w 3 60 "$display", "write_en = %b , read_en = %b , data_in = %b , out = %b , mem_full = %b , mem_empty = %b", v0x1927d40_0, v0x1927b00_0, v0x19276a0_0, v0x1927940_0, v0x1927840_0, v0x1927770_0 {0 0 0};
    %end;
    .scope S_0x18db580;
T_2 ;
    %wait E_0x18db840;
    %load/vec4 v0x1926ed0_0;
    %nor/r;
    %flag_set/vec4 8;
    %jmp/0xz  T_2.0, 8;
    %pushi/vec4 0, 0, 4;
    %assign/vec4 v0x1927110_0, 0;
    %jmp T_2.1;
T_2.0 ;
    %load/vec4 v0x1927050_0;
    %pad/u 32;
    %cmpi/e 1, 0, 32;
    %flag_get/vec4 4;
    %jmp/0 T_2.4, 4;
    %load/vec4 v0x1926980_0;
    %nor/r;
    %and;
T_2.4;
    %flag_set/vec4 8;
    %jmp/0xz  T_2.2, 8;
    %load/vec4 v0x19267e0_0;
    %load/vec4 v0x1927110_0;
    %parti/s 3, 0, 2;
    %pad/u 5;
    %ix/vec4 3;
    %ix/load 4, 0, 0; Constant delay
    %assign/vec4/a/d v0x1926b30, 0, 4;
    %load/vec4 v0x1927110_0;
    %addi 1, 0, 4;
    %assign/vec4 v0x1927110_0, 0;
T_2.2 ;
T_2.1 ;
    %jmp T_2;
    .thread T_2;
    .scope S_0x18db580;
T_3 ;
    %wait E_0x1906c40;
    %load/vec4 v0x1926ed0_0;
    %nor/r;
    %flag_set/vec4 8;
    %jmp/0xz  T_3.0, 8;
    %pushi/vec4 0, 0, 4;
    %assign/vec4 v0x1926df0_0, 0;
    %jmp T_3.1;
T_3.0 ;
    %load/vec4 v0x1926d30_0;
    %pad/u 32;
    %cmpi/e 1, 0, 32;
    %flag_get/vec4 4;
    %jmp/0 T_3.4, 4;
    %load/vec4 v0x19268c0_0;
    %nor/r;
    %and;
T_3.4;
    %flag_set/vec4 8;
    %jmp/0xz  T_3.2, 8;
    %load/vec4 v0x1926df0_0;
    %parti/s 3, 0, 2;
    %pad/u 5;
    %ix/vec4 4;
    %load/vec4a v0x1926b30, 4;
    %assign/vec4 v0x1926bd0_0, 0;
    %load/vec4 v0x1926df0_0;
    %addi 1, 0, 4;
    %assign/vec4 v0x1926df0_0, 0;
T_3.2 ;
T_3.1 ;
    %jmp T_3;
    .thread T_3;
    .scope S_0x19052a0;
T_4 ;
    %pushi/vec4 0, 0, 1;
    %store/vec4 v0x1927c70_0, 0, 1;
T_4.0 ;
    %delay 5, 0;
    %load/vec4 v0x1927c70_0;
    %inv;
    %store/vec4 v0x1927c70_0, 0, 1;
    %jmp T_4.0;
    %end;
    .thread T_4;
    .scope S_0x19052a0;
T_5 ;
    %pushi/vec4 0, 0, 1;
    %store/vec4 v0x1927a10_0, 0, 1;
T_5.0 ;
    %delay 10, 0;
    %load/vec4 v0x1927a10_0;
    %inv;
    %store/vec4 v0x1927a10_0, 0, 1;
    %jmp T_5.0;
    %end;
    .thread T_5;
    .scope S_0x19052a0;
T_6 ;
    %vpi_call/w 3 39 "$dumpfile", "asyncfifo_tb.vcd" {0 0 0};
    %vpi_call/w 3 40 "$dumpvars", 32'sb00000000000000000000000000000000, S_0x19052a0 {0 0 0};
    %pushi/vec4 1, 0, 1;
    %store/vec4 v0x1927ba0_0, 0, 1;
    %pushi/vec4 0, 0, 1;
    %store/vec4 v0x1927d40_0, 0, 1;
    %pushi/vec4 0, 0, 1;
    %store/vec4 v0x1927b00_0, 0, 1;
    %pushi/vec4 0, 0, 8;
    %store/vec4 v0x19276a0_0, 0, 8;
    %delay 10, 0;
    %pushi/vec4 0, 0, 1;
    %store/vec4 v0x1927ba0_0, 0, 1;
    %delay 10, 0;
    %pushi/vec4 1, 0, 1;
    %store/vec4 v0x1927ba0_0, 0, 1;
    %fork TD_asyncfifo_tb.write_task, S_0x19274c0;
    %join;
    %delay 20, 0;
    %fork TD_asyncfifo_tb.read_task, S_0x1927310;
    %join;
    %delay 20, 0;
    %fork TD_asyncfifo_tb.write_task, S_0x19274c0;
    %join;
    %delay 20, 0;
    %fork TD_asyncfifo_tb.write_task, S_0x19274c0;
    %join;
    %delay 200, 0;
    %vpi_call/w 3 52 "$finish" {0 0 0};
    %end;
    .thread T_6;
    .scope S_0x19052a0;
T_7 ;
    %vpi_call/w 3 72 "$dumpvars" {0 0 0};
    %vpi_call/w 3 73 "$dumpfile", "dump.vcd" {0 0 0};
    %delay 350, 0;
    %vpi_call/w 3 74 "$finish" {0 0 0};
    %end;
    .thread T_7;
# The file index is used to find the file name in the following table.
:file_names 5;
    "N/A";
    "<interactive>";
    "-";
    "testbench.sv";
    "design.sv";
